[2017-08-21 3:29:20 pshan2] - pshan2 start updating files in JSTest---------------
[2017-08-21 3:29:20 pshan2] - No remote file needed to be deleted in dest/_includes
[2017-08-21 3:29:20 pshan2] - No remote file needed to be deleted in dest/_includes/documents
[2017-08-21 3:29:20 pshan2] - No remote file needed to be deleted in dest/_includes/js/rev-slider
[2017-08-21 3:29:20 pshan2] - No remote file needed to be deleted in dest/_includes/php
[2017-08-21 3:29:20 pshan2] - No remote file needed to be deleted in dest/_includes/fonts
[2017-08-21 3:29:20 pshan2] - No remote file needed to be deleted in dest/_includes/js
[2017-08-21 3:29:20 pshan2] - No remote file needed to be deleted in dest/_cms/xslt
[2017-08-21 3:29:20 pshan2] - No remote file needed to be deleted in dest/_includes/css
[2017-08-21 3:29:20 pshan2] - No remote file needed to be deleted in dest/_includes/images
[2017-08-21 3:29:21 pshan2] - Successfully write /_includes/images/curve-shape.png to cascade server.
[2017-08-21 3:29:21 pshan2] - Successfully write /_includes/php/local.php to cascade server.
[2017-08-21 3:29:21 pshan2] - Successfully write /_includes/js/host.js to cascade server.
[2017-08-21 3:29:21 pshan2] - Successfully write /_includes/js/rev-slider/revolution.extension.kenburn.min.js to cascade server.
[2017-08-21 3:29:21 pshan2] - Successfully write /_includes/js/folder.js to cascade server.
[2017-08-21 3:29:21 pshan2] - Successfully write /_includes/js/navbar.js to cascade server.
[2017-08-21 3:29:21 pshan2] - Successfully write /_includes/js/rev-slider/revolution.extension.migration.min.js to cascade server.
[2017-08-21 3:29:21 pshan2] - Successfully write /_includes/js/rev-slider/revolution.extension.actions.min.js to cascade server.
[2017-08-21 3:29:21 pshan2] - Successfully write /_includes/js/rev-slider/revolution.extension.parallax.min.js to cascade server.
[2017-08-21 3:29:21 pshan2] - Successfully write /_includes/fonts/glyphicons-halflings-regular.woff to cascade server.
[2017-08-21 3:29:21 pshan2] - Successfully write /_includes/images/blank-img.jpg to cascade server.
[2017-08-21 3:29:21 pshan2] - Successfully write /_includes/css/bootstrap-reboot.css to cascade server.
[2017-08-21 3:29:21 pshan2] - Successfully write /_includes/images/zoom-out.cur to cascade server.
[2017-08-21 3:29:21 pshan2] - Successfully write /_includes/js/wow.min.js to cascade server.
[2017-08-21 3:29:21 pshan2] - Successfully write /_includes/php/local2.php to cascade server.
[2017-08-21 3:29:22 pshan2] - Successfully write /_includes/js/rev-slider/revolution.extension.slideanims.min.js to cascade server.
[2017-08-21 3:29:22 pshan2] - Successfully write /_includes/js/main.js to cascade server.
[2017-08-21 3:29:22 pshan2] - Successfully write /_includes/js/rev-slider/carousel.min.js to cascade server.
[2017-08-21 3:29:22 pshan2] - Successfully write /_includes/js/site.js to cascade server.
[2017-08-21 3:29:22 pshan2] - Successfully write /_includes/css/bootstrap-grid.css to cascade server.
[2017-08-21 3:29:22 pshan2] - Successfully write /_includes/js/rev-slider/revolution.extension.layeranimation.min.js to cascade server.
[2017-08-21 3:29:22 pshan2] - Successfully write /_includes/fonts/glyphicons-halflings-regular.ttf to cascade server.
[2017-08-21 3:29:22 pshan2] - Successfully write /_includes/js/rev-slider/revolution.extension.video.min.js to cascade server.
[2017-08-21 3:29:22 pshan2] - Successfully write /_includes/js/rev-slider/jquery.themepunch.tools.min.js to cascade server.
[2017-08-21 3:29:22 pshan2] - Successfully write /_includes/js/rev-slider/revolution.extension.navigation.min.js to cascade server.
[2017-08-21 3:29:22 pshan2] - Successfully write /_includes/fonts/glyphicons-halflings-regular.woff2 to cascade server.
[2017-08-21 3:29:22 pshan2] - Successfully write /_includes/js/rev-slider/jquery.themepunch.revolution.min.js to cascade server.
[2017-08-21 3:29:22 pshan2] - Successfully write /_includes/documents/equal-height.pptx to cascade server.
[2017-08-21 3:29:22 pshan2] - Successfully write /_includes/fonts/glyphicons-halflings-regular.svg to cascade server.
[2017-08-21 3:29:22 pshan2] - Successfully write /_includes/css/bootstrap.css to cascade server.
[2017-08-21 3:29:22 pshan2] - Successfully write /_includes/images/test.png to cascade server.
[2017-08-21 3:29:22 pshan2] - Successfully write /_includes/fonts/fontawesome-webfont.eot to cascade server.
[2017-08-21 3:29:22 pshan2] - Successfully write /_cms/xslt/local.xslt to cascade server.
[2017-08-21 3:29:22 pshan2] - Successfully write /_includes/documents/Registrar Class Search SOW.docx to cascade server.
[2017-08-21 3:29:22 pshan2] - Successfully write /_includes/fonts/FontAwesome.otf to cascade server.
[2017-08-21 3:29:22 pshan2] - Successfully write /_includes/documents/test.pdf to cascade server.
[2017-08-21 3:29:22 pshan2] - Successfully write /_includes/documents/sample.xlsx to cascade server.
[2017-08-21 3:29:23 pshan2] - Successfully write /_includes/fonts/Lato-Heavy.woff to cascade server.
[2017-08-21 3:29:32 pshan2] - Successfully write /_includes/documents/course.csv to cascade server.
[2017-08-21 3:29:34 pshan2] - Successfully write /_includes/images/0101601-15BM-F307.jpg to cascade server.
[2017-08-22 12:29:59 pshan2] - pshan2 start updating files in JSTest---------------
[2017-08-22 12:29:59 pshan2] - No remote file needed to be deleted in dest/_includes
[2017-08-22 12:29:59 pshan2] - No remote file needed to be deleted in dest/_includes/js
[2017-08-22 12:29:59 pshan2] - No remote file needed to be deleted in dest/_includes/fonts
[2017-08-22 12:30:00 pshan2] - No remote file needed to be deleted in dest/_includes/documents
[2017-08-22 12:30:00 pshan2] - No remote file needed to be deleted in dest/_includes/css
[2017-08-22 12:30:00 pshan2] - No remote file needed to be deleted in dest/_includes/js/rev-slider
[2017-08-22 12:30:00 pshan2] - No remote file needed to be deleted in dest/_includes/images
[2017-08-22 12:30:00 pshan2] - Successfully write /_includes/images/zoom-out.cur to cascade server.
[2017-08-22 12:30:00 pshan2] - Successfully write /_includes/css/bootstrap-grid.css to cascade server.
[2017-08-22 12:30:00 pshan2] - Successfully write /_includes/js/rev-slider/revolution.extension.actions.min.js to cascade server.
[2017-08-22 12:30:00 pshan2] - Successfully write /_includes/js/rev-slider/revolution.extension.kenburn.min.js to cascade server.
[2017-08-22 12:30:00 pshan2] - Successfully write /_includes/js/rev-slider/revolution.extension.parallax.min.js to cascade server.
[2017-08-22 12:30:00 pshan2] - Successfully write /_includes/js/navbar.js to cascade server.
[2017-08-22 12:30:00 pshan2] - Successfully write /_includes/images/curve-shape.png to cascade server.
[2017-08-22 12:30:00 pshan2] - Successfully write /_includes/js/rev-slider/revolution.extension.migration.min.js to cascade server.
[2017-08-22 12:30:00 pshan2] - Successfully write /_includes/js/folder.js to cascade server.
[2017-08-22 12:30:00 pshan2] - Successfully write /_includes/js/site.js to cascade server.
[2017-08-22 12:30:00 pshan2] - Successfully write /_includes/css/bootstrap-reboot.css to cascade server.
[2017-08-22 12:30:00 pshan2] - Successfully write /_includes/fonts/glyphicons-halflings-regular.woff2 to cascade server.
[2017-08-22 12:30:00 pshan2] - Successfully write /_includes/js/rev-slider/carousel.min.js to cascade server.
[2017-08-22 12:30:00 pshan2] - Successfully write /_includes/fonts/glyphicons-halflings-regular.ttf to cascade server.
[2017-08-22 12:30:00 pshan2] - Successfully write /_includes/js/host.js to cascade server.
[2017-08-22 12:30:01 pshan2] - Successfully write /_includes/js/wow.min.js to cascade server.
[2017-08-22 12:30:01 pshan2] - Successfully write /_includes/js/rev-slider/revolution.extension.slideanims.min.js to cascade server.
[2017-08-22 12:30:01 pshan2] - Successfully write /_includes/js/rev-slider/revolution.extension.navigation.min.js to cascade server.
[2017-08-22 12:30:01 pshan2] - Successfully write /_includes/js/rev-slider/revolution.extension.video.min.js to cascade server.
[2017-08-22 12:30:01 pshan2] - Successfully write /_includes/js/rev-slider/revolution.extension.layeranimation.min.js to cascade server.
[2017-08-22 12:30:01 pshan2] - Successfully write /_includes/js/rev-slider/jquery.themepunch.revolution.min.js to cascade server.
[2017-08-22 12:30:01 pshan2] - Successfully write /_includes/fonts/glyphicons-halflings-regular.woff to cascade server.
[2017-08-22 12:30:01 pshan2] - Successfully write /_includes/images/blank-img.jpg to cascade server.
[2017-08-22 12:30:01 pshan2] - Successfully write /_includes/fonts/glyphicons-halflings-regular.svg to cascade server.
[2017-08-22 12:30:01 pshan2] - Successfully write /_includes/js/main.js to cascade server.
[2017-08-22 12:30:01 pshan2] - Successfully write /_includes/css/bootstrap.css to cascade server.
[2017-08-22 12:30:01 pshan2] - Successfully write /_includes/fonts/fontawesome-webfont.eot to cascade server.
[2017-08-22 12:30:01 pshan2] - Successfully write /_includes/js/rev-slider/jquery.themepunch.tools.min.js to cascade server.
[2017-08-22 12:30:01 pshan2] - Successfully write /_includes/images/test.png to cascade server.
[2017-08-22 12:30:01 pshan2] - Successfully write /_includes/fonts/FontAwesome.otf to cascade server.
[2017-08-22 12:30:02 pshan2] - Successfully write /_includes/documents/test.pdf to cascade server.
[2017-08-22 12:30:02 pshan2] - Successfully write /_includes/documents/equal-height.pptx to cascade server.
[2017-08-22 12:30:02 pshan2] - Successfully write /_includes/documents/sample.xlsx to cascade server.
[2017-08-22 12:30:02 pshan2] - Successfully write /_includes/documents/Registrar Class Search SOW.docx to cascade server.
[2017-08-22 12:30:02 pshan2] - Successfully write /_includes/fonts/Lato-Heavy.woff to cascade server.
[2017-08-22 12:30:14 pshan2] - Successfully write /_includes/documents/course.csv to cascade server.
[2017-08-22 12:30:16 pshan2] - Successfully write /_includes/images/0101601-15BM-F307.jpg to cascade server.
[2017-08-23 3:32:49 pshan2] - pshan2 start updating files in JSTest---------------
[2017-08-23 3:32:51 pshan2] - No remote file needed to be deleted in dest/_includes
[2017-08-23 3:32:51 pshan2] - No remote file needed to be deleted in dest/_includes/documents
[2017-08-23 3:32:51 pshan2] - No remote file needed to be deleted in dest/_includes/js/rev-slider
[2017-08-23 3:32:51 pshan2] - No remote file needed to be deleted in dest/_includes/fonts
[2017-08-23 3:32:51 pshan2] - No remote file needed to be deleted in dest/_includes/images
[2017-08-23 3:32:51 pshan2] - No remote file needed to be deleted in dest/_includes/js
[2017-08-23 3:32:51 pshan2] - No remote file needed to be deleted in dest/_includes/css
[2017-08-23 3:32:52 pshan2] - Successfully write /_includes/js/folder.js to cascade server.
[2017-08-23 3:32:52 pshan2] - Successfully write /_includes/js/site.js to cascade server.
[2017-08-23 3:32:52 pshan2] - Successfully write /_includes/css/bootstrap-grid.css to cascade server.
[2017-08-23 3:32:52 pshan2] - Successfully write /_includes/css/bootstrap-reboot.css to cascade server.
[2017-08-23 3:32:52 pshan2] - Successfully write /_includes/js/host.js to cascade server.
[2017-08-23 3:32:52 pshan2] - Successfully write /_includes/js/rev-slider/carousel.min.js to cascade server.
[2017-08-23 3:32:52 pshan2] - Successfully write /_includes/images/curve-shape.png to cascade server.
[2017-08-23 3:32:52 pshan2] - Successfully write /_includes/js/rev-slider/revolution.extension.kenburn.min.js to cascade server.
[2017-08-23 3:32:52 pshan2] - Successfully write /_includes/js/navbar.js to cascade server.
[2017-08-23 3:32:52 pshan2] - Successfully write /_includes/images/blank-img.jpg to cascade server.
[2017-08-23 3:32:52 pshan2] - Successfully write /_includes/js/rev-slider/revolution.extension.slideanims.min.js to cascade server.
[2017-08-23 3:32:52 pshan2] - Successfully write /_includes/js/rev-slider/revolution.extension.layeranimation.min.js to cascade server.
[2017-08-23 3:32:52 pshan2] - Successfully write /_includes/js/rev-slider/revolution.extension.migration.min.js to cascade server.
[2017-08-23 3:32:52 pshan2] - Successfully write /_includes/js/wow.min.js to cascade server.
[2017-08-23 3:32:52 pshan2] - Successfully write /_includes/js/rev-slider/revolution.extension.navigation.min.js to cascade server.
[2017-08-23 3:32:52 pshan2] - Successfully write /_includes/js/rev-slider/revolution.extension.actions.min.js to cascade server.
[2017-08-23 3:32:52 pshan2] - Successfully write /_includes/images/zoom-out.cur to cascade server.
[2017-08-23 3:32:52 pshan2] - Successfully write /_includes/js/rev-slider/jquery.themepunch.revolution.min.js to cascade server.
[2017-08-23 3:32:52 pshan2] - Successfully write /_includes/fonts/glyphicons-halflings-regular.woff2 to cascade server.
[2017-08-23 3:32:52 pshan2] - Successfully write /_includes/js/rev-slider/revolution.extension.parallax.min.js to cascade server.
[2017-08-23 3:32:52 pshan2] - Successfully write /_includes/js/main.js to cascade server.
[2017-08-23 3:32:52 pshan2] - Successfully write /_includes/fonts/glyphicons-halflings-regular.woff to cascade server.
[2017-08-23 3:32:52 pshan2] - Successfully write /_includes/js/rev-slider/revolution.extension.video.min.js to cascade server.
[2017-08-23 3:32:52 pshan2] - Successfully write /_includes/fonts/glyphicons-halflings-regular.svg to cascade server.
[2017-08-23 3:32:52 pshan2] - Successfully write /_includes/js/rev-slider/jquery.themepunch.tools.min.js to cascade server.
[2017-08-23 3:32:52 pshan2] - Successfully write /_includes/fonts/glyphicons-halflings-regular.ttf to cascade server.
[2017-08-23 3:32:53 pshan2] - Successfully write /_includes/fonts/fontawesome-webfont.eot to cascade server.
[2017-08-23 3:32:53 pshan2] - Successfully write /_includes/fonts/FontAwesome.otf to cascade server.
[2017-08-23 3:32:53 pshan2] - Successfully write /_includes/css/bootstrap.css to cascade server.
[2017-08-23 3:32:53 pshan2] - Successfully write /_includes/documents/test.pdf to cascade server.
[2017-08-23 3:32:54 pshan2] - Successfully write /_includes/documents/Registrar Class Search SOW.docx to cascade server.
[2017-08-23 3:32:54 pshan2] - Successfully write /_includes/images/test.png to cascade server.
[2017-08-23 3:32:54 pshan2] - Successfully write /_includes/documents/sample.xlsx to cascade server.
[2017-08-23 3:32:54 pshan2] - Successfully write /_includes/documents/equal-height.pptx to cascade server.
[2017-08-23 3:32:54 pshan2] - Successfully write /_includes/fonts/Lato-Heavy.woff to cascade server.
[2017-08-23 3:33:08 pshan2] - Successfully write /_includes/documents/course.csv to cascade server.
[2017-08-23 3:33:12 pshan2] - Successfully write /_includes/images/0101601-15BM-F307.jpg to cascade server.
[2017-08-25 2:08:28 pshan2] - pshan2 start updating files in JSTest---------------
uncaughtException: Cannot find module './app/data/object.js'
uncaughtException: Cannot find module './app/data/object.js'
uncaughtException: dir is not defined
[2017-08-25 3:50:15 pshan2] - pshan2 start updating files in JSTest---------------
uncaughtException: init is not defined
[2017-08-25 3:51:03 pshan2] - pshan2 start updating files in JSTest---------------
[2017-08-25 3:58:40 pshan2] - pshan2 start updating files in JSTest---------------
[2017-08-25 3:59:11 pshan2] - pshan2 start updating files in JSTest---------------
[2017-08-25 3:59:29 pshan2] - pshan2 start updating files in JSTest---------------
[2017-08-25 4:00:00 pshan2] - pshan2 start updating files in JSTest---------------
[2017-08-25 4:00:22 pshan2] - pshan2 start updating files in JSTest---------------
[2017-08-25 4:01:00 pshan2] - pshan2 start updating files in JSTest---------------
[2017-08-25 4:01:42 pshan2] - pshan2 start updating files in JSTest---------------
[2017-08-25 4:02:00 pshan2] - pshan2 start updating files in JSTest---------------
